==13211== Helgrind, a thread error detector
==13211== Copyright (C) 2007-2017, and GNU GPL'd, by OpenWorks LLP et al.
==13211== Using Valgrind-3.22.0 and LibVEX; rerun with -h for copyright info
==13211== Command: ./server
==13211== Parent PID: 13207
==13211== 
==13215== ---Thread-Announcement------------------------------------------
==13213== ---Thread-Announcement------------------------------------------
==13215== 
==13213== 
==13215== Thread #1 is the program's root thread
==13213== Thread #1 is the program's root thread
==13215== 
==13213== 
==13215== ----------------------------------------------------------------
==13213== ----------------------------------------------------------------
==13215== 
==13213== 
==13215== Thread #1's call to sem_wait failed
==13213== Thread #1's call to sem_wait failed
==13215==    with error code 4 (EINTR: Interrupted system call)
==13213==    with error code 4 (EINTR: Interrupted system call)
==13215==    at 0x48553A7: ??? (in /usr/libexec/valgrind/vgpreload_helgrind-amd64-linux.so)
==13213==    at 0x48553A7: ??? (in /usr/libexec/valgrind/vgpreload_helgrind-amd64-linux.so)
==13215==    by 0x10D48E: worker_main (in /home/calix/Secretária/SO/SO-Multi-Threaded-Web-Server-with-IPC-and-Semaphores/server)
==13213==    by 0x10D48E: worker_main (in /home/calix/Secretária/SO/SO-Multi-Threaded-Web-Server-with-IPC-and-Semaphores/server)
==13215==    by 0x10BB77: master_run (in /home/calix/Secretária/SO/SO-Multi-Threaded-Web-Server-with-IPC-and-Semaphores/server)
==13213==    by 0x10BB77: master_run (in /home/calix/Secretária/SO/SO-Multi-Threaded-Web-Server-with-IPC-and-Semaphores/server)
==13215==    by 0x10B73B: main (in /home/calix/Secretária/SO/SO-Multi-Threaded-Web-Server-with-IPC-and-Semaphores/server)
==13213==    by 0x10B73B: main (in /home/calix/Secretária/SO/SO-Multi-Threaded-Web-Server-with-IPC-and-Semaphores/server)
==13215== 
==13213== 
==13214== ---Thread-Announcement------------------------------------------
==13214== 
==13214== Thread #1 is the program's root thread
==13214== 
==13214== ----------------------------------------------------------------
==13214== 
==13214== Thread #1's call to sem_wait failed
==13214==    with error code 4 (EINTR: Interrupted system call)
==13214==    at 0x48553A7: ??? (in /usr/libexec/valgrind/vgpreload_helgrind-amd64-linux.so)
==13214==    by 0x10D48E: worker_main (in /home/calix/Secretária/SO/SO-Multi-Threaded-Web-Server-with-IPC-and-Semaphores/server)
==13214==    by 0x10BB77: master_run (in /home/calix/Secretária/SO/SO-Multi-Threaded-Web-Server-with-IPC-and-Semaphores/server)
==13214==    by 0x10B73B: main (in /home/calix/Secretária/SO/SO-Multi-Threaded-Web-Server-with-IPC-and-Semaphores/server)
==13214== 
==13215== 
==13215== Use --history-level=approx or =none to gain increased speed, at
==13215== the cost of reduced accuracy of conflicting-access information
==13215== For lists of detected and suppressed errors, rerun with: -s
==13215== ERROR SUMMARY: 1 errors from 1 contexts (suppressed: 1332 from 122)
==13217== 
==13217== Use --history-level=approx or =none to gain increased speed, at
==13217== the cost of reduced accuracy of conflicting-access information
==13217== For lists of detected and suppressed errors, rerun with: -s
==13217== ERROR SUMMARY: 0 errors from 0 contexts (suppressed: 2304 from 123)
==13213== 
==13213== Use --history-level=approx or =none to gain increased speed, at
==13213== the cost of reduced accuracy of conflicting-access information
==13213== For lists of detected and suppressed errors, rerun with: -s
==13213== ERROR SUMMARY: 1 errors from 1 contexts (suppressed: 1391 from 118)
==13214== 
==13214== Use --history-level=approx or =none to gain increased speed, at
==13214== the cost of reduced accuracy of conflicting-access information
==13214== For lists of detected and suppressed errors, rerun with: -s
==13214== ERROR SUMMARY: 1 errors from 1 contexts (suppressed: 1322 from 75)
==13211== 
==13211== Use --history-level=approx or =none to gain increased speed, at
==13211== the cost of reduced accuracy of conflicting-access information
==13211== For lists of detected and suppressed errors, rerun with: -s
==13211== ERROR SUMMARY: 0 errors from 0 contexts (suppressed: 0 from 0)
