==19372== Memcheck, a memory error detector
==19372== Copyright (C) 2002-2022, and GNU GPL'd, by Julian Seward et al.
==19372== Using Valgrind-3.22.0 and LibVEX; rerun with -h for copyright info
==19372== Command: ./server
==19372== Parent PID: 19368
==19372== 
==19377== 
==19377== HEAP SUMMARY:
==19377==     in use at exit: 347 bytes in 10 blocks
==19377==   total heap usage: 93 allocs, 83 frees, 93,046 bytes allocated
==19377== 
==19377== 24 bytes in 1 blocks are still reachable in loss record 1 of 10
==19377==    at 0x4846828: malloc (in /usr/libexec/valgrind/vgpreload_memcheck-amd64-linux.so)
==19377==    by 0x4991510: tsearch (tsearch.c:337)
==19377==    by 0x490DB16: __sem_check_add_mapping (sem_routines.c:121)
==19377==    by 0x490D799: sem_open@@GLIBC_2.34 (sem_open.c:194)
==19377==    by 0x10BD3B: init_semaphores (in /home/calix/Secretária/SO/SO-Multi-Threaded-Web-Server-with-IPC-and-Semaphores/server)
==19377==    by 0x10BA36: master_run (in /home/calix/Secretária/SO/SO-Multi-Threaded-Web-Server-with-IPC-and-Semaphores/server)
==19377==    by 0x10B73B: main (in /home/calix/Secretária/SO/SO-Multi-Threaded-Web-Server-with-IPC-and-Semaphores/server)
==19377== 
==19377== 24 bytes in 1 blocks are still reachable in loss record 2 of 10
==19377==    at 0x4846828: malloc (in /usr/libexec/valgrind/vgpreload_memcheck-amd64-linux.so)
==19377==    by 0x4991571: tsearch (tsearch.c:337)
==19377==    by 0x490DB16: __sem_check_add_mapping (sem_routines.c:121)
==19377==    by 0x490D799: sem_open@@GLIBC_2.34 (sem_open.c:194)
==19377==    by 0x10BD65: init_semaphores (in /home/calix/Secretária/SO/SO-Multi-Threaded-Web-Server-with-IPC-and-Semaphores/server)
==19377==    by 0x10BA36: master_run (in /home/calix/Secretária/SO/SO-Multi-Threaded-Web-Server-with-IPC-and-Semaphores/server)
==19377==    by 0x10B73B: main (in /home/calix/Secretária/SO/SO-Multi-Threaded-Web-Server-with-IPC-and-Semaphores/server)
==19377== 
==19377== 24 bytes in 1 blocks are still reachable in loss record 3 of 10
==19377==    at 0x4846828: malloc (in /usr/libexec/valgrind/vgpreload_memcheck-amd64-linux.so)
==19377==    by 0x4991571: tsearch (tsearch.c:337)
==19377==    by 0x490DB16: __sem_check_add_mapping (sem_routines.c:121)
==19377==    by 0x490D799: sem_open@@GLIBC_2.34 (sem_open.c:194)
==19377==    by 0x10BD90: init_semaphores (in /home/calix/Secretária/SO/SO-Multi-Threaded-Web-Server-with-IPC-and-Semaphores/server)
==19377==    by 0x10BA36: master_run (in /home/calix/Secretária/SO/SO-Multi-Threaded-Web-Server-with-IPC-and-Semaphores/server)
==19377==    by 0x10B73B: main (in /home/calix/Secretária/SO/SO-Multi-Threaded-Web-Server-with-IPC-and-Semaphores/server)
==19377== 
==19377== 24 bytes in 1 blocks are still reachable in loss record 4 of 10
==19377==    at 0x4846828: malloc (in /usr/libexec/valgrind/vgpreload_memcheck-amd64-linux.so)
==19377==    by 0x4991571: tsearch (tsearch.c:337)
==19377==    by 0x490DB16: __sem_check_add_mapping (sem_routines.c:121)
==19377==    by 0x490D799: sem_open@@GLIBC_2.34 (sem_open.c:194)
==19377==    by 0x10BDBB: init_semaphores (in /home/calix/Secretária/SO/SO-Multi-Threaded-Web-Server-with-IPC-and-Semaphores/server)
==19377==    by 0x10BA36: master_run (in /home/calix/Secretária/SO/SO-Multi-Threaded-Web-Server-with-IPC-and-Semaphores/server)
==19377==    by 0x10B73B: main (in /home/calix/Secretária/SO/SO-Multi-Threaded-Web-Server-with-IPC-and-Semaphores/server)
==19377== 
==19377== 24 bytes in 1 blocks are still reachable in loss record 5 of 10
==19377==    at 0x4846828: malloc (in /usr/libexec/valgrind/vgpreload_memcheck-amd64-linux.so)
==19377==    by 0x4991571: tsearch (tsearch.c:337)
==19377==    by 0x490DB16: __sem_check_add_mapping (sem_routines.c:121)
==19377==    by 0x490D799: sem_open@@GLIBC_2.34 (sem_open.c:194)
==19377==    by 0x10BDE6: init_semaphores (in /home/calix/Secretária/SO/SO-Multi-Threaded-Web-Server-with-IPC-and-Semaphores/server)
==19377==    by 0x10BA36: master_run (in /home/calix/Secretária/SO/SO-Multi-Threaded-Web-Server-with-IPC-and-Semaphores/server)
==19377==    by 0x10B73B: main (in /home/calix/Secretária/SO/SO-Multi-Threaded-Web-Server-with-IPC-and-Semaphores/server)
==19377== 
==19377== 42 bytes in 1 blocks are still reachable in loss record 6 of 10
==19377==    at 0x4846828: malloc (in /usr/libexec/valgrind/vgpreload_memcheck-amd64-linux.so)
==19377==    by 0x490DA9F: __sem_check_add_mapping (sem_routines.c:104)
==19377==    by 0x490D799: sem_open@@GLIBC_2.34 (sem_open.c:194)
==19377==    by 0x10BD3B: init_semaphores (in /home/calix/Secretária/SO/SO-Multi-Threaded-Web-Server-with-IPC-and-Semaphores/server)
==19377==    by 0x10BA36: master_run (in /home/calix/Secretária/SO/SO-Multi-Threaded-Web-Server-with-IPC-and-Semaphores/server)
==19377==    by 0x10B73B: main (in /home/calix/Secretária/SO/SO-Multi-Threaded-Web-Server-with-IPC-and-Semaphores/server)
==19377== 
==19377== 43 bytes in 1 blocks are still reachable in loss record 7 of 10
==19377==    at 0x4846828: malloc (in /usr/libexec/valgrind/vgpreload_memcheck-amd64-linux.so)
==19377==    by 0x490DA9F: __sem_check_add_mapping (sem_routines.c:104)
==19377==    by 0x490D799: sem_open@@GLIBC_2.34 (sem_open.c:194)
==19377==    by 0x10BD65: init_semaphores (in /home/calix/Secretária/SO/SO-Multi-Threaded-Web-Server-with-IPC-and-Semaphores/server)
==19377==    by 0x10BA36: master_run (in /home/calix/Secretária/SO/SO-Multi-Threaded-Web-Server-with-IPC-and-Semaphores/server)
==19377==    by 0x10B73B: main (in /home/calix/Secretária/SO/SO-Multi-Threaded-Web-Server-with-IPC-and-Semaphores/server)
==19377== 
==19377== 46 bytes in 1 blocks are still reachable in loss record 8 of 10
==19377==    at 0x4846828: malloc (in /usr/libexec/valgrind/vgpreload_memcheck-amd64-linux.so)
==19377==    by 0x490DA9F: __sem_check_add_mapping (sem_routines.c:104)
==19377==    by 0x490D799: sem_open@@GLIBC_2.34 (sem_open.c:194)
==19377==    by 0x10BDE6: init_semaphores (in /home/calix/Secretária/SO/SO-Multi-Threaded-Web-Server-with-IPC-and-Semaphores/server)
==19377==    by 0x10BA36: master_run (in /home/calix/Secretária/SO/SO-Multi-Threaded-Web-Server-with-IPC-and-Semaphores/server)
==19377==    by 0x10B73B: main (in /home/calix/Secretária/SO/SO-Multi-Threaded-Web-Server-with-IPC-and-Semaphores/server)
==19377== 
==19377== 48 bytes in 1 blocks are still reachable in loss record 9 of 10
==19377==    at 0x4846828: malloc (in /usr/libexec/valgrind/vgpreload_memcheck-amd64-linux.so)
==19377==    by 0x490DA9F: __sem_check_add_mapping (sem_routines.c:104)
==19377==    by 0x490D799: sem_open@@GLIBC_2.34 (sem_open.c:194)
==19377==    by 0x10BD90: init_semaphores (in /home/calix/Secretária/SO/SO-Multi-Threaded-Web-Server-with-IPC-and-Semaphores/server)
==19377==    by 0x10BA36: master_run (in /home/calix/Secretária/SO/SO-Multi-Threaded-Web-Server-with-IPC-and-Semaphores/server)
==19377==    by 0x10B73B: main (in /home/calix/Secretária/SO/SO-Multi-Threaded-Web-Server-with-IPC-and-Semaphores/server)
==19377== 
==19377== 48 bytes in 1 blocks are still reachable in loss record 10 of 10
==19377==    at 0x4846828: malloc (in /usr/libexec/valgrind/vgpreload_memcheck-amd64-linux.so)
==19377==    by 0x490DA9F: __sem_check_add_mapping (sem_routines.c:104)
==19377==    by 0x490D799: sem_open@@GLIBC_2.34 (sem_open.c:194)
==19377==    by 0x10BDBB: init_semaphores (in /home/calix/Secretária/SO/SO-Multi-Threaded-Web-Server-with-IPC-and-Semaphores/server)
==19377==    by 0x10BA36: master_run (in /home/calix/Secretária/SO/SO-Multi-Threaded-Web-Server-with-IPC-and-Semaphores/server)
==19377==    by 0x10B73B: main (in /home/calix/Secretária/SO/SO-Multi-Threaded-Web-Server-with-IPC-and-Semaphores/server)
==19377== 
==19377== LEAK SUMMARY:
==19377==    definitely lost: 0 bytes in 0 blocks
==19377==    indirectly lost: 0 bytes in 0 blocks
==19377==      possibly lost: 0 bytes in 0 blocks
==19377==    still reachable: 347 bytes in 10 blocks
==19377==         suppressed: 0 bytes in 0 blocks
==19377== 
==19377== For lists of detected and suppressed errors, rerun with: -s
==19377== ERROR SUMMARY: 0 errors from 0 contexts (suppressed: 0 from 0)
==19378== 
==19378== HEAP SUMMARY:
==19378==     in use at exit: 347 bytes in 10 blocks
==19378==   total heap usage: 119 allocs, 109 frees, 153,247 bytes allocated
==19378== 
==19379== 
==19379== HEAP SUMMARY:
==19379==     in use at exit: 347 bytes in 10 blocks
==19379==   total heap usage: 85 allocs, 75 frees, 82,026 bytes allocated
==19379== 
==19378== 24 bytes in 1 blocks are still reachable in loss record 1 of 10
==19378==    at 0x4846828: malloc (in /usr/libexec/valgrind/vgpreload_memcheck-amd64-linux.so)
==19378==    by 0x4991510: tsearch (tsearch.c:337)
==19378==    by 0x490DB16: __sem_check_add_mapping (sem_routines.c:121)
==19378==    by 0x490D799: sem_open@@GLIBC_2.34 (sem_open.c:194)
==19378==    by 0x10BD3B: init_semaphores (in /home/calix/Secretária/SO/SO-Multi-Threaded-Web-Server-with-IPC-and-Semaphores/server)
==19378==    by 0x10BA36: master_run (in /home/calix/Secretária/SO/SO-Multi-Threaded-Web-Server-with-IPC-and-Semaphores/server)
==19378==    by 0x10B73B: main (in /home/calix/Secretária/SO/SO-Multi-Threaded-Web-Server-with-IPC-and-Semaphores/server)
==19378== 
==19378== 24 bytes in 1 blocks are still reachable in loss record 2 of 10
==19378==    at 0x4846828: malloc (in /usr/libexec/valgrind/vgpreload_memcheck-amd64-linux.so)
==19378==    by 0x4991571: tsearch (tsearch.c:337)
==19378==    by 0x490DB16: __sem_check_add_mapping (sem_routines.c:121)
==19378==    by 0x490D799: sem_open@@GLIBC_2.34 (sem_open.c:194)
==19378==    by 0x10BD65: init_semaphores (in /home/calix/Secretária/SO/SO-Multi-Threaded-Web-Server-with-IPC-and-Semaphores/server)
==19378==    by 0x10BA36: master_run (in /home/calix/Secretária/SO/SO-Multi-Threaded-Web-Server-with-IPC-and-Semaphores/server)
==19378==    by 0x10B73B: main (in /home/calix/Secretária/SO/SO-Multi-Threaded-Web-Server-with-IPC-and-Semaphores/server)
==19378== 
==19378== 24 bytes in 1 blocks are still reachable in loss record 3 of 10
==19378==    at 0x4846828: malloc (in /usr/libexec/valgrind/vgpreload_memcheck-amd64-linux.so)
==19378==    by 0x4991571: tsearch (tsearch.c:337)
==19378==    by 0x490DB16: __sem_check_add_mapping (sem_routines.c:121)
==19378==    by 0x490D799: sem_open@@GLIBC_2.34 (sem_open.c:194)
==19378==    by 0x10BD90: init_semaphores (in /home/calix/Secretária/SO/SO-Multi-Threaded-Web-Server-with-IPC-and-Semaphores/server)
==19378==    by 0x10BA36: master_run (in /home/calix/Secretária/SO/SO-Multi-Threaded-Web-Server-with-IPC-and-Semaphores/server)
==19378==    by 0x10B73B: main (in /home/calix/Secretária/SO/SO-Multi-Threaded-Web-Server-with-IPC-and-Semaphores/server)
==19378== 
==19379== 24 bytes in 1 blocks are still reachable in loss record 1 of 10
==19379==    at 0x4846828: malloc (in /usr/libexec/valgrind/vgpreload_memcheck-amd64-linux.so)
==19378== 24 bytes in 1 blocks are still reachable in loss record 4 of 10
==19379==    by 0x4991510: tsearch (tsearch.c:337)
==19378==    at 0x4846828: malloc (in /usr/libexec/valgrind/vgpreload_memcheck-amd64-linux.so)
==19379==    by 0x490DB16: __sem_check_add_mapping (sem_routines.c:121)
==19378==    by 0x4991571: tsearch (tsearch.c:337)
==19379==    by 0x490D799: sem_open@@GLIBC_2.34 (sem_open.c:194)
==19378==    by 0x490DB16: __sem_check_add_mapping (sem_routines.c:121)
==19379==    by 0x10BD3B: init_semaphores (in /home/calix/Secretária/SO/SO-Multi-Threaded-Web-Server-with-IPC-and-Semaphores/server)
==19378==    by 0x490D799: sem_open@@GLIBC_2.34 (sem_open.c:194)
==19379==    by 0x10BA36: master_run (in /home/calix/Secretária/SO/SO-Multi-Threaded-Web-Server-with-IPC-and-Semaphores/server)
==19378==    by 0x10BDBB: init_semaphores (in /home/calix/Secretária/SO/SO-Multi-Threaded-Web-Server-with-IPC-and-Semaphores/server)
==19379==    by 0x10B73B: main (in /home/calix/Secretária/SO/SO-Multi-Threaded-Web-Server-with-IPC-and-Semaphores/server)
==19379== 
==19378==    by 0x10BA36: master_run (in /home/calix/Secretária/SO/SO-Multi-Threaded-Web-Server-with-IPC-and-Semaphores/server)
==19378==    by 0x10B73B: main (in /home/calix/Secretária/SO/SO-Multi-Threaded-Web-Server-with-IPC-and-Semaphores/server)
==19378== 
==19379== 24 bytes in 1 blocks are still reachable in loss record 2 of 10
==19379==    at 0x4846828: malloc (in /usr/libexec/valgrind/vgpreload_memcheck-amd64-linux.so)
==19378== 24 bytes in 1 blocks are still reachable in loss record 5 of 10
==19379==    by 0x4991571: tsearch (tsearch.c:337)
==19378==    at 0x4846828: malloc (in /usr/libexec/valgrind/vgpreload_memcheck-amd64-linux.so)
==19379==    by 0x490DB16: __sem_check_add_mapping (sem_routines.c:121)
==19378==    by 0x4991571: tsearch (tsearch.c:337)
==19379==    by 0x490D799: sem_open@@GLIBC_2.34 (sem_open.c:194)
==19378==    by 0x490DB16: __sem_check_add_mapping (sem_routines.c:121)
==19379==    by 0x10BD65: init_semaphores (in /home/calix/Secretária/SO/SO-Multi-Threaded-Web-Server-with-IPC-and-Semaphores/server)
==19378==    by 0x490D799: sem_open@@GLIBC_2.34 (sem_open.c:194)
==19379==    by 0x10BA36: master_run (in /home/calix/Secretária/SO/SO-Multi-Threaded-Web-Server-with-IPC-and-Semaphores/server)
==19378==    by 0x10BDE6: init_semaphores (in /home/calix/Secretária/SO/SO-Multi-Threaded-Web-Server-with-IPC-and-Semaphores/server)
==19379==    by 0x10B73B: main (in /home/calix/Secretária/SO/SO-Multi-Threaded-Web-Server-with-IPC-and-Semaphores/server)
==19378==    by 0x10BA36: master_run (in /home/calix/Secretária/SO/SO-Multi-Threaded-Web-Server-with-IPC-and-Semaphores/server)
==19379== 
==19378==    by 0x10B73B: main (in /home/calix/Secretária/SO/SO-Multi-Threaded-Web-Server-with-IPC-and-Semaphores/server)
==19378== 
==19379== 24 bytes in 1 blocks are still reachable in loss record 3 of 10
==19379==    at 0x4846828: malloc (in /usr/libexec/valgrind/vgpreload_memcheck-amd64-linux.so)
==19378== 42 bytes in 1 blocks are still reachable in loss record 6 of 10
==19379==    by 0x4991571: tsearch (tsearch.c:337)
==19378==    at 0x4846828: malloc (in /usr/libexec/valgrind/vgpreload_memcheck-amd64-linux.so)
==19379==    by 0x490DB16: __sem_check_add_mapping (sem_routines.c:121)
==19378==    by 0x490DA9F: __sem_check_add_mapping (sem_routines.c:104)
==19379==    by 0x490D799: sem_open@@GLIBC_2.34 (sem_open.c:194)
==19378==    by 0x490D799: sem_open@@GLIBC_2.34 (sem_open.c:194)
==19379==    by 0x10BD90: init_semaphores (in /home/calix/Secretária/SO/SO-Multi-Threaded-Web-Server-with-IPC-and-Semaphores/server)
==19378==    by 0x10BD3B: init_semaphores (in /home/calix/Secretária/SO/SO-Multi-Threaded-Web-Server-with-IPC-and-Semaphores/server)
==19379==    by 0x10BA36: master_run (in /home/calix/Secretária/SO/SO-Multi-Threaded-Web-Server-with-IPC-and-Semaphores/server)
==19378==    by 0x10BA36: master_run (in /home/calix/Secretária/SO/SO-Multi-Threaded-Web-Server-with-IPC-and-Semaphores/server)
==19379==    by 0x10B73B: main (in /home/calix/Secretária/SO/SO-Multi-Threaded-Web-Server-with-IPC-and-Semaphores/server)
==19378==    by 0x10B73B: main (in /home/calix/Secretária/SO/SO-Multi-Threaded-Web-Server-with-IPC-and-Semaphores/server)
==19379== 
==19378== 
==19379== 24 bytes in 1 blocks are still reachable in loss record 4 of 10
==19378== 43 bytes in 1 blocks are still reachable in loss record 7 of 10
==19379==    at 0x4846828: malloc (in /usr/libexec/valgrind/vgpreload_memcheck-amd64-linux.so)
==19378==    at 0x4846828: malloc (in /usr/libexec/valgrind/vgpreload_memcheck-amd64-linux.so)
==19379==    by 0x4991571: tsearch (tsearch.c:337)
==19378==    by 0x490DA9F: __sem_check_add_mapping (sem_routines.c:104)
==19379==    by 0x490DB16: __sem_check_add_mapping (sem_routines.c:121)
==19378==    by 0x490D799: sem_open@@GLIBC_2.34 (sem_open.c:194)
==19379==    by 0x490D799: sem_open@@GLIBC_2.34 (sem_open.c:194)
==19378==    by 0x10BD65: init_semaphores (in /home/calix/Secretária/SO/SO-Multi-Threaded-Web-Server-with-IPC-and-Semaphores/server)
==19379==    by 0x10BDBB: init_semaphores (in /home/calix/Secretária/SO/SO-Multi-Threaded-Web-Server-with-IPC-and-Semaphores/server)
==19378==    by 0x10BA36: master_run (in /home/calix/Secretária/SO/SO-Multi-Threaded-Web-Server-with-IPC-and-Semaphores/server)
==19379==    by 0x10BA36: master_run (in /home/calix/Secretária/SO/SO-Multi-Threaded-Web-Server-with-IPC-and-Semaphores/server)
==19378==    by 0x10B73B: main (in /home/calix/Secretária/SO/SO-Multi-Threaded-Web-Server-with-IPC-and-Semaphores/server)
==19379==    by 0x10B73B: main (in /home/calix/Secretária/SO/SO-Multi-Threaded-Web-Server-with-IPC-and-Semaphores/server)
==19378== 
==19379== 
==19378== 46 bytes in 1 blocks are still reachable in loss record 8 of 10
==19379== 24 bytes in 1 blocks are still reachable in loss record 5 of 10
==19378==    at 0x4846828: malloc (in /usr/libexec/valgrind/vgpreload_memcheck-amd64-linux.so)
==19379==    at 0x4846828: malloc (in /usr/libexec/valgrind/vgpreload_memcheck-amd64-linux.so)
==19378==    by 0x490DA9F: __sem_check_add_mapping (sem_routines.c:104)
==19379==    by 0x4991571: tsearch (tsearch.c:337)
==19378==    by 0x490D799: sem_open@@GLIBC_2.34 (sem_open.c:194)
==19379==    by 0x490DB16: __sem_check_add_mapping (sem_routines.c:121)
==19378==    by 0x10BDE6: init_semaphores (in /home/calix/Secretária/SO/SO-Multi-Threaded-Web-Server-with-IPC-and-Semaphores/server)
==19379==    by 0x490D799: sem_open@@GLIBC_2.34 (sem_open.c:194)
==19378==    by 0x10BA36: master_run (in /home/calix/Secretária/SO/SO-Multi-Threaded-Web-Server-with-IPC-and-Semaphores/server)
==19379==    by 0x10BDE6: init_semaphores (in /home/calix/Secretária/SO/SO-Multi-Threaded-Web-Server-with-IPC-and-Semaphores/server)
==19378==    by 0x10B73B: main (in /home/calix/Secretária/SO/SO-Multi-Threaded-Web-Server-with-IPC-and-Semaphores/server)
==19379==    by 0x10BA36: master_run (in /home/calix/Secretária/SO/SO-Multi-Threaded-Web-Server-with-IPC-and-Semaphores/server)
==19378== 
==19379==    by 0x10B73B: main (in /home/calix/Secretária/SO/SO-Multi-Threaded-Web-Server-with-IPC-and-Semaphores/server)
==19379== 
==19378== 48 bytes in 1 blocks are still reachable in loss record 9 of 10
==19378==    at 0x4846828: malloc (in /usr/libexec/valgrind/vgpreload_memcheck-amd64-linux.so)
==19379== 42 bytes in 1 blocks are still reachable in loss record 6 of 10
==19378==    by 0x490DA9F: __sem_check_add_mapping (sem_routines.c:104)
==19379==    at 0x4846828: malloc (in /usr/libexec/valgrind/vgpreload_memcheck-amd64-linux.so)
==19378==    by 0x490D799: sem_open@@GLIBC_2.34 (sem_open.c:194)
==19379==    by 0x490DA9F: __sem_check_add_mapping (sem_routines.c:104)
==19378==    by 0x10BD90: init_semaphores (in /home/calix/Secretária/SO/SO-Multi-Threaded-Web-Server-with-IPC-and-Semaphores/server)
==19379==    by 0x490D799: sem_open@@GLIBC_2.34 (sem_open.c:194)
==19378==    by 0x10BA36: master_run (in /home/calix/Secretária/SO/SO-Multi-Threaded-Web-Server-with-IPC-and-Semaphores/server)
==19379==    by 0x10BD3B: init_semaphores (in /home/calix/Secretária/SO/SO-Multi-Threaded-Web-Server-with-IPC-and-Semaphores/server)
==19378==    by 0x10B73B: main (in /home/calix/Secretária/SO/SO-Multi-Threaded-Web-Server-with-IPC-and-Semaphores/server)
==19379==    by 0x10BA36: master_run (in /home/calix/Secretária/SO/SO-Multi-Threaded-Web-Server-with-IPC-and-Semaphores/server)
==19378== 
==19379==    by 0x10B73B: main (in /home/calix/Secretária/SO/SO-Multi-Threaded-Web-Server-with-IPC-and-Semaphores/server)
==19379== 
==19378== 48 bytes in 1 blocks are still reachable in loss record 10 of 10
==19378==    at 0x4846828: malloc (in /usr/libexec/valgrind/vgpreload_memcheck-amd64-linux.so)
==19379== 43 bytes in 1 blocks are still reachable in loss record 7 of 10
==19378==    by 0x490DA9F: __sem_check_add_mapping (sem_routines.c:104)
==19379==    at 0x4846828: malloc (in /usr/libexec/valgrind/vgpreload_memcheck-amd64-linux.so)
==19378==    by 0x490D799: sem_open@@GLIBC_2.34 (sem_open.c:194)
==19379==    by 0x490DA9F: __sem_check_add_mapping (sem_routines.c:104)
==19378==    by 0x10BDBB: init_semaphores (in /home/calix/Secretária/SO/SO-Multi-Threaded-Web-Server-with-IPC-and-Semaphores/server)
==19379==    by 0x490D799: sem_open@@GLIBC_2.34 (sem_open.c:194)
==19378==    by 0x10BA36: master_run (in /home/calix/Secretária/SO/SO-Multi-Threaded-Web-Server-with-IPC-and-Semaphores/server)
==19379==    by 0x10BD65: init_semaphores (in /home/calix/Secretária/SO/SO-Multi-Threaded-Web-Server-with-IPC-and-Semaphores/server)
==19378==    by 0x10B73B: main (in /home/calix/Secretária/SO/SO-Multi-Threaded-Web-Server-with-IPC-and-Semaphores/server)
==19379==    by 0x10BA36: master_run (in /home/calix/Secretária/SO/SO-Multi-Threaded-Web-Server-with-IPC-and-Semaphores/server)
==19378== 
==19379==    by 0x10B73B: main (in /home/calix/Secretária/SO/SO-Multi-Threaded-Web-Server-with-IPC-and-Semaphores/server)
==19378== LEAK SUMMARY:
==19379== 
==19378==    definitely lost: 0 bytes in 0 blocks
==19378==    indirectly lost: 0 bytes in 0 blocks
==19378==      possibly lost: 0 bytes in 0 blocks
==19379== 46 bytes in 1 blocks are still reachable in loss record 8 of 10
==19378==    still reachable: 347 bytes in 10 blocks
==19379==    at 0x4846828: malloc (in /usr/libexec/valgrind/vgpreload_memcheck-amd64-linux.so)
==19378==         suppressed: 0 bytes in 0 blocks
==19379==    by 0x490DA9F: __sem_check_add_mapping (sem_routines.c:104)
==19378== 
==19379==    by 0x490D799: sem_open@@GLIBC_2.34 (sem_open.c:194)
==19379==    by 0x10BDE6: init_semaphores (in /home/calix/Secretária/SO/SO-Multi-Threaded-Web-Server-with-IPC-and-Semaphores/server)
==19378== For lists of detected and suppressed errors, rerun with: -s
==19379==    by 0x10BA36: master_run (in /home/calix/Secretária/SO/SO-Multi-Threaded-Web-Server-with-IPC-and-Semaphores/server)
==19378== ERROR SUMMARY: 0 errors from 0 contexts (suppressed: 0 from 0)
==19379==    by 0x10B73B: main (in /home/calix/Secretária/SO/SO-Multi-Threaded-Web-Server-with-IPC-and-Semaphores/server)
==19379== 
==19379== 48 bytes in 1 blocks are still reachable in loss record 9 of 10
==19379==    at 0x4846828: malloc (in /usr/libexec/valgrind/vgpreload_memcheck-amd64-linux.so)
==19379==    by 0x490DA9F: __sem_check_add_mapping (sem_routines.c:104)
==19379==    by 0x490D799: sem_open@@GLIBC_2.34 (sem_open.c:194)
==19379==    by 0x10BD90: init_semaphores (in /home/calix/Secretária/SO/SO-Multi-Threaded-Web-Server-with-IPC-and-Semaphores/server)
==19379==    by 0x10BA36: master_run (in /home/calix/Secretária/SO/SO-Multi-Threaded-Web-Server-with-IPC-and-Semaphores/server)
==19379==    by 0x10B73B: main (in /home/calix/Secretária/SO/SO-Multi-Threaded-Web-Server-with-IPC-and-Semaphores/server)
==19379== 
==19379== 48 bytes in 1 blocks are still reachable in loss record 10 of 10
==19379==    at 0x4846828: malloc (in /usr/libexec/valgrind/vgpreload_memcheck-amd64-linux.so)
==19379==    by 0x490DA9F: __sem_check_add_mapping (sem_routines.c:104)
==19379==    by 0x490D799: sem_open@@GLIBC_2.34 (sem_open.c:194)
==19379==    by 0x10BDBB: init_semaphores (in /home/calix/Secretária/SO/SO-Multi-Threaded-Web-Server-with-IPC-and-Semaphores/server)
==19379==    by 0x10BA36: master_run (in /home/calix/Secretária/SO/SO-Multi-Threaded-Web-Server-with-IPC-and-Semaphores/server)
==19379==    by 0x10B73B: main (in /home/calix/Secretária/SO/SO-Multi-Threaded-Web-Server-with-IPC-and-Semaphores/server)
==19379== 
==19379== LEAK SUMMARY:
==19379==    definitely lost: 0 bytes in 0 blocks
==19379==    indirectly lost: 0 bytes in 0 blocks
==19379==      possibly lost: 0 bytes in 0 blocks
==19379==    still reachable: 347 bytes in 10 blocks
==19379==         suppressed: 0 bytes in 0 blocks
==19379== 
==19379== For lists of detected and suppressed errors, rerun with: -s
==19379== ERROR SUMMARY: 0 errors from 0 contexts (suppressed: 0 from 0)
==19380== 
==19380== HEAP SUMMARY:
==19380==     in use at exit: 347 bytes in 10 blocks
==19380==   total heap usage: 116 allocs, 106 frees, 130,138 bytes allocated
==19380== 
==19380== 24 bytes in 1 blocks are still reachable in loss record 1 of 10
==19380==    at 0x4846828: malloc (in /usr/libexec/valgrind/vgpreload_memcheck-amd64-linux.so)
==19380==    by 0x4991510: tsearch (tsearch.c:337)
==19380==    by 0x490DB16: __sem_check_add_mapping (sem_routines.c:121)
==19380==    by 0x490D799: sem_open@@GLIBC_2.34 (sem_open.c:194)
==19380==    by 0x10BD3B: init_semaphores (in /home/calix/Secretária/SO/SO-Multi-Threaded-Web-Server-with-IPC-and-Semaphores/server)
==19380==    by 0x10BA36: master_run (in /home/calix/Secretária/SO/SO-Multi-Threaded-Web-Server-with-IPC-and-Semaphores/server)
==19380==    by 0x10B73B: main (in /home/calix/Secretária/SO/SO-Multi-Threaded-Web-Server-with-IPC-and-Semaphores/server)
==19380== 
==19380== 24 bytes in 1 blocks are still reachable in loss record 2 of 10
==19380==    at 0x4846828: malloc (in /usr/libexec/valgrind/vgpreload_memcheck-amd64-linux.so)
==19380==    by 0x4991571: tsearch (tsearch.c:337)
==19380==    by 0x490DB16: __sem_check_add_mapping (sem_routines.c:121)
==19380==    by 0x490D799: sem_open@@GLIBC_2.34 (sem_open.c:194)
==19380==    by 0x10BD65: init_semaphores (in /home/calix/Secretária/SO/SO-Multi-Threaded-Web-Server-with-IPC-and-Semaphores/server)
==19380==    by 0x10BA36: master_run (in /home/calix/Secretária/SO/SO-Multi-Threaded-Web-Server-with-IPC-and-Semaphores/server)
==19380==    by 0x10B73B: main (in /home/calix/Secretária/SO/SO-Multi-Threaded-Web-Server-with-IPC-and-Semaphores/server)
==19380== 
==19380== 24 bytes in 1 blocks are still reachable in loss record 3 of 10
==19380==    at 0x4846828: malloc (in /usr/libexec/valgrind/vgpreload_memcheck-amd64-linux.so)
==19380==    by 0x4991571: tsearch (tsearch.c:337)
==19380==    by 0x490DB16: __sem_check_add_mapping (sem_routines.c:121)
==19380==    by 0x490D799: sem_open@@GLIBC_2.34 (sem_open.c:194)
==19380==    by 0x10BD90: init_semaphores (in /home/calix/Secretária/SO/SO-Multi-Threaded-Web-Server-with-IPC-and-Semaphores/server)
==19380==    by 0x10BA36: master_run (in /home/calix/Secretária/SO/SO-Multi-Threaded-Web-Server-with-IPC-and-Semaphores/server)
==19380==    by 0x10B73B: main (in /home/calix/Secretária/SO/SO-Multi-Threaded-Web-Server-with-IPC-and-Semaphores/server)
==19380== 
==19380== 24 bytes in 1 blocks are still reachable in loss record 4 of 10
==19380==    at 0x4846828: malloc (in /usr/libexec/valgrind/vgpreload_memcheck-amd64-linux.so)
==19380==    by 0x4991571: tsearch (tsearch.c:337)
==19380==    by 0x490DB16: __sem_check_add_mapping (sem_routines.c:121)
==19380==    by 0x490D799: sem_open@@GLIBC_2.34 (sem_open.c:194)
==19380==    by 0x10BDBB: init_semaphores (in /home/calix/Secretária/SO/SO-Multi-Threaded-Web-Server-with-IPC-and-Semaphores/server)
==19380==    by 0x10BA36: master_run (in /home/calix/Secretária/SO/SO-Multi-Threaded-Web-Server-with-IPC-and-Semaphores/server)
==19380==    by 0x10B73B: main (in /home/calix/Secretária/SO/SO-Multi-Threaded-Web-Server-with-IPC-and-Semaphores/server)
==19380== 
==19380== 24 bytes in 1 blocks are still reachable in loss record 5 of 10
==19380==    at 0x4846828: malloc (in /usr/libexec/valgrind/vgpreload_memcheck-amd64-linux.so)
==19380==    by 0x4991571: tsearch (tsearch.c:337)
==19380==    by 0x490DB16: __sem_check_add_mapping (sem_routines.c:121)
==19380==    by 0x490D799: sem_open@@GLIBC_2.34 (sem_open.c:194)
==19380==    by 0x10BDE6: init_semaphores (in /home/calix/Secretária/SO/SO-Multi-Threaded-Web-Server-with-IPC-and-Semaphores/server)
==19380==    by 0x10BA36: master_run (in /home/calix/Secretária/SO/SO-Multi-Threaded-Web-Server-with-IPC-and-Semaphores/server)
==19380==    by 0x10B73B: main (in /home/calix/Secretária/SO/SO-Multi-Threaded-Web-Server-with-IPC-and-Semaphores/server)
==19380== 
==19380== 42 bytes in 1 blocks are still reachable in loss record 6 of 10
==19380==    at 0x4846828: malloc (in /usr/libexec/valgrind/vgpreload_memcheck-amd64-linux.so)
==19380==    by 0x490DA9F: __sem_check_add_mapping (sem_routines.c:104)
==19380==    by 0x490D799: sem_open@@GLIBC_2.34 (sem_open.c:194)
==19380==    by 0x10BD3B: init_semaphores (in /home/calix/Secretária/SO/SO-Multi-Threaded-Web-Server-with-IPC-and-Semaphores/server)
==19380==    by 0x10BA36: master_run (in /home/calix/Secretária/SO/SO-Multi-Threaded-Web-Server-with-IPC-and-Semaphores/server)
==19380==    by 0x10B73B: main (in /home/calix/Secretária/SO/SO-Multi-Threaded-Web-Server-with-IPC-and-Semaphores/server)
==19380== 
==19380== 43 bytes in 1 blocks are still reachable in loss record 7 of 10
==19380==    at 0x4846828: malloc (in /usr/libexec/valgrind/vgpreload_memcheck-amd64-linux.so)
==19380==    by 0x490DA9F: __sem_check_add_mapping (sem_routines.c:104)
==19380==    by 0x490D799: sem_open@@GLIBC_2.34 (sem_open.c:194)
==19380==    by 0x10BD65: init_semaphores (in /home/calix/Secretária/SO/SO-Multi-Threaded-Web-Server-with-IPC-and-Semaphores/server)
==19380==    by 0x10BA36: master_run (in /home/calix/Secretária/SO/SO-Multi-Threaded-Web-Server-with-IPC-and-Semaphores/server)
==19380==    by 0x10B73B: main (in /home/calix/Secretária/SO/SO-Multi-Threaded-Web-Server-with-IPC-and-Semaphores/server)
==19380== 
==19380== 46 bytes in 1 blocks are still reachable in loss record 8 of 10
==19380==    at 0x4846828: malloc (in /usr/libexec/valgrind/vgpreload_memcheck-amd64-linux.so)
==19380==    by 0x490DA9F: __sem_check_add_mapping (sem_routines.c:104)
==19380==    by 0x490D799: sem_open@@GLIBC_2.34 (sem_open.c:194)
==19380==    by 0x10BDE6: init_semaphores (in /home/calix/Secretária/SO/SO-Multi-Threaded-Web-Server-with-IPC-and-Semaphores/server)
==19380==    by 0x10BA36: master_run (in /home/calix/Secretária/SO/SO-Multi-Threaded-Web-Server-with-IPC-and-Semaphores/server)
==19380==    by 0x10B73B: main (in /home/calix/Secretária/SO/SO-Multi-Threaded-Web-Server-with-IPC-and-Semaphores/server)
==19380== 
==19380== 48 bytes in 1 blocks are still reachable in loss record 9 of 10
==19380==    at 0x4846828: malloc (in /usr/libexec/valgrind/vgpreload_memcheck-amd64-linux.so)
==19380==    by 0x490DA9F: __sem_check_add_mapping (sem_routines.c:104)
==19380==    by 0x490D799: sem_open@@GLIBC_2.34 (sem_open.c:194)
==19380==    by 0x10BD90: init_semaphores (in /home/calix/Secretária/SO/SO-Multi-Threaded-Web-Server-with-IPC-and-Semaphores/server)
==19380==    by 0x10BA36: master_run (in /home/calix/Secretária/SO/SO-Multi-Threaded-Web-Server-with-IPC-and-Semaphores/server)
==19380==    by 0x10B73B: main (in /home/calix/Secretária/SO/SO-Multi-Threaded-Web-Server-with-IPC-and-Semaphores/server)
==19380== 
==19380== 48 bytes in 1 blocks are still reachable in loss record 10 of 10
==19380==    at 0x4846828: malloc (in /usr/libexec/valgrind/vgpreload_memcheck-amd64-linux.so)
==19380==    by 0x490DA9F: __sem_check_add_mapping (sem_routines.c:104)
==19380==    by 0x490D799: sem_open@@GLIBC_2.34 (sem_open.c:194)
==19380==    by 0x10BDBB: init_semaphores (in /home/calix/Secretária/SO/SO-Multi-Threaded-Web-Server-with-IPC-and-Semaphores/server)
==19380==    by 0x10BA36: master_run (in /home/calix/Secretária/SO/SO-Multi-Threaded-Web-Server-with-IPC-and-Semaphores/server)
==19380==    by 0x10B73B: main (in /home/calix/Secretária/SO/SO-Multi-Threaded-Web-Server-with-IPC-and-Semaphores/server)
==19380== 
==19380== LEAK SUMMARY:
==19380==    definitely lost: 0 bytes in 0 blocks
==19380==    indirectly lost: 0 bytes in 0 blocks
==19380==      possibly lost: 0 bytes in 0 blocks
==19380==    still reachable: 347 bytes in 10 blocks
==19380==         suppressed: 0 bytes in 0 blocks
==19380== 
==19380== For lists of detected and suppressed errors, rerun with: -s
==19380== ERROR SUMMARY: 0 errors from 0 contexts (suppressed: 0 from 0)
==19372== 
==19372== HEAP SUMMARY:
==19372==     in use at exit: 0 bytes in 0 blocks
==19372==   total heap usage: 13 allocs, 13 frees, 5,939 bytes allocated
==19372== 
==19372== All heap blocks were freed -- no leaks are possible
==19372== 
==19372== For lists of detected and suppressed errors, rerun with: -s
==19372== ERROR SUMMARY: 0 errors from 0 contexts (suppressed: 0 from 0)
